<?xml version="1.0" encoding="UTF-8" ?>
<testsuite tests="37" failures="0" name="step_definitions.RunCukesTest" time="4.49" errors="0" skipped="0">
  <properties>
[...]
</properties>
  <testcase classname="Scenario: Normal Login" name="Given user open the web page" time="0.003"/>
  <testcase classname="Scenario: Normal Login" name="When User input &quot;standard_user&quot; as username and &quot;secret_sauce&quot; as password" time="0"/>
  <testcase classname="Scenario: Normal Login" name="Then User is already on the landing page" time="0"/>
  <testcase classname="Scenario: Normal Login" name="Scenario: Normal Login" time="0.867"/>
  <testcase classname="| asd | password | Epic sadface: Username and password do not match any user in this service |" name="Given user open the web page" time="0"/>
  <testcase classname="| asd | password | Epic sadface: Username and password do not match any user in this service |" name="When User input &quot;asd&quot; as username and &quot;password&quot; as password" time="0.001"/>
  <testcase classname="| asd | password | Epic sadface: Username and password do not match any user in this service |" name="Then User see error &quot;Epic sadface: Username and password do not match any user in this service&quot; on login page" time="0"/>
  <testcase classname="| asd | password | Epic sadface: Username and password do not match any user in this service |" name="| asd | password | Epic sadface: Username and password do not match any user in this service |" time="0.709"/>
  <testcase classname="| standard_user |  | Epic sadface: Password is required |" name="Given user open the web page" time="0"/>
  <testcase classname="| standard_user |  | Epic sadface: Password is required |" name="When User input &quot;standard_user&quot; as username and &quot;&quot; as password" time="0"/>
  <testcase classname="| standard_user |  | Epic sadface: Password is required |" name="Then User see error &quot;Epic sadface: Password is required&quot; on login page" time="0"/>
  <testcase classname="| standard_user |  | Epic sadface: Password is required |" name="| standard_user |  | Epic sadface: Password is required |" time="0.718"/>
  <testcase classname="|  | password | Epic sadface: Username is required |" name="Given user open the web page" time="0"/>
  <testcase classname="|  | password | Epic sadface: Username is required |" name="When User input &quot;&quot; as username and &quot;password&quot; as password" time="0"/>
  <testcase classname="|  | password | Epic sadface: Username is required |" name="Then User see error &quot;Epic sadface: Username is required&quot; on login page" time="0"/>
  <testcase classname="|  | password | Epic sadface: Username is required |" name="|  | password | Epic sadface: Username is required |" time="0.739"/>
  <testcase classname="Scenario: User" name="Given user open the web page" time="0"/>
  <testcase classname="Scenario: User" name="When User input &quot;standard_user&quot; as username and &quot;secret_sauce&quot; as password" time="0"/>
  <testcase classname="Scenario: User" name="And User is already on the landing page" time="0"/>
  <testcase classname="Scenario: User" name="Then User sort &quot;Name (Z to A)&quot; and will see item sorting as expected" time="0"/>
  <testcase classname="Scenario: User" name="And User pick &quot;Sauce Labs Onesie&quot; and &quot;Test.allTheThings() T-Shirt (Red)&quot; to chart" time="0.001"/>
  <testcase classname="Scenario: User" name="Then User will see basket has been filled with item have been choose" time="0"/>
  <testcase classname="Scenario: User" name="And User want to remove the last stuff have been added" time="0"/>
  <testcase classname="Scenario: User" name="And User want to checkout then input &quot;Sarah&quot; as first name, &quot;Kamilah&quot; as lastname and &quot;1111&quot; as postal code" time="0"/>
  <testcase classname="Scenario: User" name="Then User will see checkout information payment &quot;Item total: $7.99&quot; with &quot;Tax: $0.64&quot; and &quot;Total: $8.63&quot;" time="0"/>
  <testcase classname="Scenario: User" name="Then User complete the transaction while see the &quot;Pony Express&quot; image" time="0"/>
  <testcase classname="Scenario: User" name="Scenario: User" time="0.717"/>
  <testcase classname="Scenario: Click on item who showed on the list" name="Given user open the web page" time="0"/>
  <testcase classname="Scenario: Click on item who showed on the list" name="When User input &quot;standard_user&quot; as username and &quot;secret_sauce&quot; as password" time="0"/>
  <testcase classname="Scenario: Click on item who showed on the list" name="And User is already on the landing page" time="0"/>
  <testcase classname="Scenario: Click on item who showed on the list" name="Then User click on &quot;Sauce Labs Backpack&quot; to see detail of product" time="0"/>
  <testcase classname="Scenario: Click on item who showed on the list" name="And User click on &quot;Sauce Labs Bike Light&quot; to see detail of product" time="0"/>
  <testcase classname="Scenario: Click on item who showed on the list" name="And User click on &quot;Sauce Labs Bolt T-Shirt&quot; to see detail of product" time="0"/>
  <testcase classname="Scenario: Click on item who showed on the list" name="And User click on &quot;Sauce Labs Fleece Jacket&quot; to see detail of product" time="0"/>
  <testcase classname="Scenario: Click on item who showed on the list" name="And User click on &quot;Sauce Labs Onesie&quot; to see detail of product" time="0"/>
  <testcase classname="Scenario: Click on item who showed on the list" name="And User click on &quot;Test.allTheThings() T-Shirt (Red)&quot; to see detail of product" time="0"/>
  <testcase classname="Scenario: Click on item who showed on the list" name="Scenario: Click on item who showed on the list" time="0.735"/>
</testsuite>